<?xml version="1.0" encoding="UTF-8"?>
<!-- Generated by org.testng.reporters.JUnitXMLReporter -->
<testsuite ignored="0" hostname="DESKTOP-HJFMQ82" failures="0" tests="3" name="Default test" time="25.247" errors="0" timestamp="2025-05-08T03:00:50 PDT">
  <testcase classname="com.vodafone.test.LoginTest" name="invalidoginTest" time="2.086"/>
  <testcase classname="com.vodafone.test.LoginTest" name="invalidoginTest" time="2.304"/>
  <testcase classname="com.vodafone.test.LoginTest" name="validLogin" time="2.472"/>
</testsuite> <!-- Default test -->
