<?xml version="1.0" encoding="UTF-8"?>
<testng-results ignored="0" total="2" passed="2" failed="0" skipped="0">
  <reporter-output>
  </reporter-output>
  <suite started-at="2025-05-09T00:31:48 PDT" name="Default suite" finished-at="2025-05-09T00:32:17 PDT" duration-ms="28949">
    <groups>
    </groups>
    <test started-at="2025-05-09T00:31:48 PDT" name="Default test" finished-at="2025-05-09T00:32:17 PDT" duration-ms="28949">
      <class name="com.vodafone.test.LoginUITest2">
        <test-method is-config="true" signature="setup()[pri:0, instance:com.vodafone.test.LoginUITest2@3590fc5b]" started-at="2025-05-09T00:31:48 PDT" name="setup" finished-at="2025-05-09T00:31:57 PDT" duration-ms="8487" status="PASS">
          <reporter-output>
          </reporter-output>
        </test-method> <!-- setup -->
        <test-method signature="headerTitle()[pri:0, instance:com.vodafone.test.LoginUITest2@3590fc5b]" started-at="2025-05-09T00:31:57 PDT" name="headerTitle" finished-at="2025-05-09T00:31:57 PDT" duration-ms="519" status="PASS">
          <reporter-output>
          </reporter-output>
        </test-method> <!-- headerTitle -->
        <test-method is-config="true" signature="setup()[pri:0, instance:com.vodafone.test.LoginUITest2@3590fc5b]" started-at="2025-05-09T00:31:57 PDT" name="setup" finished-at="2025-05-09T00:32:17 PDT" duration-ms="19861" status="PASS">
          <reporter-output>
          </reporter-output>
        </test-method> <!-- setup -->
        <test-method signature="titleTest()[pri:0, instance:com.vodafone.test.LoginUITest2@3590fc5b]" started-at="2025-05-09T00:32:17 PDT" name="titleTest" finished-at="2025-05-09T00:32:17 PDT" duration-ms="10" status="PASS">
          <reporter-output>
          </reporter-output>
        </test-method> <!-- titleTest -->
      </class> <!-- com.vodafone.test.LoginUITest2 -->
    </test> <!-- Default test -->
  </suite> <!-- Default suite -->
</testng-results>
