<?xml version="1.0" encoding="UTF-8"?>
<testng-results ignored="0" total="1" passed="1" failed="0" skipped="0">
  <reporter-output>
  </reporter-output>
  <suite started-at="2025-05-07T23:15:46 PDT" name="Default suite" finished-at="2025-05-07T23:15:53 PDT" duration-ms="7054">
    <groups>
    </groups>
    <test started-at="2025-05-07T23:15:46 PDT" name="Default test" finished-at="2025-05-07T23:15:53 PDT" duration-ms="7054">
      <class name="com.vodafone.test.LoginTest">
        <test-method is-config="true" signature="setup()[pri:0, instance:com.vodafone.test.LoginTest@48f2bd5b]" started-at="2025-05-07T23:15:46 PDT" name="setup" finished-at="2025-05-07T23:15:52 PDT" duration-ms="6235" status="PASS">
          <reporter-output>
          </reporter-output>
        </test-method> <!-- setup -->
        <test-method signature="validLogin()[pri:0, instance:com.vodafone.test.LoginTest@48f2bd5b]" started-at="2025-05-07T23:15:52 PDT" name="validLogin" finished-at="2025-05-07T23:15:53 PDT" duration-ms="765" status="PASS">
          <reporter-output>
          </reporter-output>
        </test-method> <!-- validLogin -->
      </class> <!-- com.vodafone.test.LoginTest -->
    </test> <!-- Default test -->
  </suite> <!-- Default suite -->
</testng-results>
